<?xml version="1.0" encoding="UTF-8"?>
<coverage generated="1655462704601" clover="3.2.0">
  <project timestamp="1655462704602" name="All files">
    <metrics statements="101" coveredstatements="87" conditionals="59" coveredconditionals="39" methods="40" coveredmethods="39" elements="200" coveredelements="165" complexity="0" loc="101" ncloc="101" packages="1" files="1" classes="1"/>
    <file name="unitTestingTask.js" path="C:\Users\38095\Desktop\test\Unit-Testing\unitTestingTask.js">
      <metrics statements="101" coveredstatements="87" conditionals="59" coveredconditionals="39" methods="40" coveredmethods="39"/>
      <line num="1" count="1" type="stmt"/>
      <line num="2" count="1" type="cond" truecount="2" falsecount="2"/>
      <line num="3" count="0" type="stmt"/>
      <line num="4" count="0" type="stmt"/>
      <line num="6" count="1" type="cond" truecount="1" falsecount="1"/>
      <line num="7" count="1" type="stmt"/>
      <line num="9" count="0" type="stmt"/>
      <line num="24" count="22" type="stmt"/>
      <line num="25" count="22" type="cond" truecount="2" falsecount="0"/>
      <line num="27" count="22" type="cond" truecount="1" falsecount="1"/>
      <line num="28" count="0" type="stmt"/>
      <line num="32" count="22" type="stmt"/>
      <line num="34" count="22" type="stmt"/>
      <line num="36" count="1" type="cond" truecount="2" falsecount="0"/>
      <line num="38" count="1" type="stmt"/>
      <line num="40" count="5" type="stmt"/>
      <line num="43" count="1" type="stmt"/>
      <line num="46" count="1" type="stmt"/>
      <line num="49" count="1" type="stmt"/>
      <line num="52" count="3" type="stmt"/>
      <line num="55" count="1" type="stmt"/>
      <line num="58" count="1" type="stmt"/>
      <line num="61" count="1" type="stmt"/>
      <line num="64" count="1" type="stmt"/>
      <line num="67" count="3" type="stmt"/>
      <line num="70" count="1" type="stmt"/>
      <line num="73" count="1" type="stmt"/>
      <line num="76" count="1" type="stmt"/>
      <line num="79" count="3" type="cond" truecount="1" falsecount="1"/>
      <line num="82" count="1" type="cond" truecount="1" falsecount="1"/>
      <line num="85" count="3" type="stmt"/>
      <line num="88" count="1" type="stmt"/>
      <line num="91" count="3" type="stmt"/>
      <line num="94" count="1" type="stmt"/>
      <line num="97" count="1" type="stmt"/>
      <line num="100" count="1" type="stmt"/>
      <line num="103" count="1" type="stmt"/>
      <line num="106" count="1" type="stmt"/>
      <line num="109" count="2" type="stmt"/>
      <line num="110" count="2" type="stmt"/>
      <line num="111" count="2" type="stmt"/>
      <line num="112" count="2" type="cond" truecount="1" falsecount="1"/>
      <line num="114" count="2" type="cond" truecount="2" falsecount="0"/>
      <line num="116" count="2" type="stmt"/>
      <line num="119" count="1" type="stmt"/>
      <line num="123" count="1" type="stmt"/>
      <line num="124" count="1" type="stmt"/>
      <line num="125" count="25" type="cond" truecount="1" falsecount="1"/>
      <line num="126" count="25" type="stmt"/>
      <line num="129" count="1" type="stmt"/>
      <line num="170" count="32" type="cond" truecount="4" falsecount="0"/>
      <line num="171" count="1" type="stmt"/>
      <line num="174" count="31" type="cond" truecount="6" falsecount="0"/>
      <line num="175" count="1" type="stmt"/>
      <line num="178" count="30" type="cond" truecount="5" falsecount="1"/>
      <line num="180" count="30" type="stmt"/>
      <line num="181" count="30" type="cond" truecount="1" falsecount="1"/>
      <line num="182" count="0" type="stmt"/>
      <line num="184" count="30" type="stmt"/>
      <line num="185" count="39" type="stmt"/>
      <line num="195" count="1" type="stmt"/>
      <line num="205" count="1" type="stmt"/>
      <line num="206" count="12" type="cond" truecount="2" falsecount="0"/>
      <line num="207" count="11" type="stmt"/>
      <line num="210" count="1" type="cond" truecount="1" falsecount="1"/>
      <line num="211" count="0" type="cond" truecount="0" falsecount="4"/>
      <line num="212" count="0" type="stmt"/>
      <line num="213" count="0" type="cond" truecount="0" falsecount="2"/>
      <line num="214" count="0" type="stmt"/>
      <line num="215" count="0" type="stmt"/>
      <line num="216" count="0" type="stmt"/>
      <line num="218" count="0" type="stmt"/>
      <line num="221" count="0" type="stmt"/>
      <line num="224" count="1" type="stmt"/>
      <line num="225" count="1" type="stmt"/>
      <line num="226" count="1" type="stmt"/>
      <line num="230" count="1" type="stmt"/>
      <line num="233" count="1" type="stmt"/>
      <line num="237" count="1" type="stmt"/>
      <line num="243" count="2" type="cond" truecount="1" falsecount="1"/>
      <line num="244" count="2" type="cond" truecount="2" falsecount="0"/>
      <line num="246" count="0" type="cond" truecount="0" falsecount="2"/>
      <line num="256" count="1" type="stmt"/>
      <line num="257" count="4" type="stmt"/>
      <line num="258" count="3" type="cond" truecount="3" falsecount="0"/>
      <line num="259" count="3" type="stmt"/>
      <line num="268" count="1" type="stmt"/>
      <line num="288" count="1" type="stmt"/>
      <line num="289" count="4" type="stmt"/>
      <line num="290" count="4" type="stmt"/>
      <line num="298" count="1" type="stmt"/>
      <line num="299" count="1" type="stmt"/>
      <line num="303" count="1" type="stmt"/>
      <line num="304" count="1" type="stmt"/>
      <line num="305" count="1" type="stmt"/>
      <line num="306" count="1" type="stmt"/>
      <line num="309" count="1" type="stmt"/>
      <line num="316" count="1" type="stmt"/>
      <line num="317" count="1" type="stmt"/>
      <line num="318" count="1" type="stmt"/>
      <line num="321" count="1" type="stmt"/>
    </file>
  </project>
</coverage>
