{"C:\\Users\\38095\\Desktop\\test\\Unit-Testing\\unitTestingTask.js": {"path":"C:\\Users\\38095\\Desktop\\test\\Unit-Testing\\unitTestingTask.js","statementMap":{"0":{"start":{"line":1,"column":0},"end":{"line":322,"column":4}},"1":{"start":{"line":2,"column":4},"end":{"line":10,"column":5}},"2":{"start":{"line":3,"column":8},"end":{"line":5,"column":11}},"3":{"start":{"line":4,"column":12},"end":{"line":4,"column":33}},"4":{"start":{"line":6,"column":11},"end":{"line":10,"column":5}},"5":{"start":{"line":7,"column":8},"end":{"line":7,"column":39}},"6":{"start":{"line":9,"column":8},"end":{"line":9,"column":45}},"7":{"start":{"line":24,"column":18},"end":{"line":24,"column":34}},"8":{"start":{"line":25,"column":23},"end":{"line":25,"column":58}},"9":{"start":{"line":27,"column":8},"end":{"line":29,"column":9}},"10":{"start":{"line":28,"column":12},"end":{"line":28,"column":23}},"11":{"start":{"line":32,"column":8},"end":{"line":32,"column":58}},"12":{"start":{"line":34,"column":8},"end":{"line":34,"column":19}},"13":{"start":{"line":36,"column":20},"end":{"line":36,"column":71}},"14":{"start":{"line":38,"column":17},"end":{"line":121,"column":5}},"15":{"start":{"line":40,"column":12},"end":{"line":40,"column":38}},"16":{"start":{"line":43,"column":12},"end":{"line":43,"column":59}},"17":{"start":{"line":46,"column":12},"end":{"line":46,"column":74}},"18":{"start":{"line":49,"column":12},"end":{"line":49,"column":79}},"19":{"start":{"line":52,"column":12},"end":{"line":52,"column":54}},"20":{"start":{"line":55,"column":12},"end":{"line":55,"column":39}},"21":{"start":{"line":58,"column":12},"end":{"line":58,"column":77}},"22":{"start":{"line":61,"column":12},"end":{"line":61,"column":82}},"23":{"start":{"line":64,"column":12},"end":{"line":64,"column":80}},"24":{"start":{"line":67,"column":12},"end":{"line":67,"column":49}},"25":{"start":{"line":70,"column":12},"end":{"line":70,"column":34}},"26":{"start":{"line":73,"column":12},"end":{"line":73,"column":50}},"27":{"start":{"line":76,"column":12},"end":{"line":76,"column":35}},"28":{"start":{"line":79,"column":12},"end":{"line":79,"column":61}},"29":{"start":{"line":82,"column":12},"end":{"line":82,"column":46}},"30":{"start":{"line":85,"column":12},"end":{"line":85,"column":52}},"31":{"start":{"line":88,"column":12},"end":{"line":88,"column":37}},"32":{"start":{"line":91,"column":12},"end":{"line":91,"column":52}},"33":{"start":{"line":94,"column":12},"end":{"line":94,"column":37}},"34":{"start":{"line":97,"column":12},"end":{"line":97,"column":60}},"35":{"start":{"line":100,"column":12},"end":{"line":100,"column":42}},"36":{"start":{"line":103,"column":12},"end":{"line":103,"column":86}},"37":{"start":{"line":106,"column":12},"end":{"line":106,"column":85}},"38":{"start":{"line":109,"column":21},"end":{"line":109,"column":45}},"39":{"start":{"line":110,"column":24},"end":{"line":110,"column":53}},"40":{"start":{"line":111,"column":23},"end":{"line":111,"column":30}},"41":{"start":{"line":112,"column":23},"end":{"line":112,"column":41}},"42":{"start":{"line":114,"column":12},"end":{"line":114,"column":40}},"43":{"start":{"line":116,"column":12},"end":{"line":116,"column":86}},"44":{"start":{"line":119,"column":12},"end":{"line":119,"column":46}},"45":{"start":{"line":123,"column":26},"end":{"line":123,"column":28}},"46":{"start":{"line":124,"column":4},"end":{"line":128,"column":5}},"47":{"start":{"line":125,"column":8},"end":{"line":127,"column":9}},"48":{"start":{"line":126,"column":12},"end":{"line":126,"column":44}},"49":{"start":{"line":129,"column":17},"end":{"line":129,"column":60}},"50":{"start":{"line":170,"column":8},"end":{"line":172,"column":9}},"51":{"start":{"line":171,"column":12},"end":{"line":171,"column":70}},"52":{"start":{"line":174,"column":8},"end":{"line":176,"column":9}},"53":{"start":{"line":175,"column":12},"end":{"line":175,"column":112}},"54":{"start":{"line":178,"column":17},"end":{"line":178,"column":109}},"55":{"start":{"line":180,"column":8},"end":{"line":180,"column":35}},"56":{"start":{"line":181,"column":8},"end":{"line":187,"column":9}},"57":{"start":{"line":182,"column":12},"end":{"line":182,"column":59}},"58":{"start":{"line":184,"column":12},"end":{"line":186,"column":15}},"59":{"start":{"line":185,"column":16},"end":{"line":185,"column":49}},"60":{"start":{"line":195,"column":20},"end":{"line":195,"column":51}},"61":{"start":{"line":205,"column":15},"end":{"line":227,"column":5}},"62":{"start":{"line":206,"column":8},"end":{"line":208,"column":9}},"63":{"start":{"line":207,"column":12},"end":{"line":207,"column":37}},"64":{"start":{"line":210,"column":8},"end":{"line":222,"column":9}},"65":{"start":{"line":211,"column":12},"end":{"line":220,"column":13}},"66":{"start":{"line":212,"column":16},"end":{"line":212,"column":41}},"67":{"start":{"line":213,"column":19},"end":{"line":220,"column":13}},"68":{"start":{"line":214,"column":16},"end":{"line":219,"column":17}},"69":{"start":{"line":215,"column":20},"end":{"line":215,"column":46}},"70":{"start":{"line":216,"column":20},"end":{"line":216,"column":45}},"71":{"start":{"line":218,"column":20},"end":{"line":218,"column":45}},"72":{"start":{"line":221,"column":12},"end":{"line":221,"column":37}},"73":{"start":{"line":224,"column":8},"end":{"line":224,"column":34}},"74":{"start":{"line":225,"column":8},"end":{"line":225,"column":33}},"75":{"start":{"line":226,"column":8},"end":{"line":226,"column":33}},"76":{"start":{"line":230,"column":4},"end":{"line":249,"column":7}},"77":{"start":{"line":233,"column":12},"end":{"line":233,"column":49}},"78":{"start":{"line":237,"column":12},"end":{"line":237,"column":54}},"79":{"start":{"line":243,"column":12},"end":{"line":247,"column":13}},"80":{"start":{"line":244,"column":16},"end":{"line":244,"column":45}},"81":{"start":{"line":246,"column":16},"end":{"line":246,"column":45}},"82":{"start":{"line":256,"column":26},"end":{"line":261,"column":5}},"83":{"start":{"line":257,"column":8},"end":{"line":260,"column":10}},"84":{"start":{"line":258,"column":20},"end":{"line":258,"column":81}},"85":{"start":{"line":259,"column":12},"end":{"line":259,"column":44}},"86":{"start":{"line":268,"column":21},"end":{"line":268,"column":53}},"87":{"start":{"line":288,"column":19},"end":{"line":291,"column":5}},"88":{"start":{"line":289,"column":8},"end":{"line":289,"column":51}},"89":{"start":{"line":290,"column":8},"end":{"line":290,"column":32}},"90":{"start":{"line":298,"column":4},"end":{"line":300,"column":6}},"91":{"start":{"line":299,"column":8},"end":{"line":299,"column":56}},"92":{"start":{"line":303,"column":4},"end":{"line":303,"column":38}},"93":{"start":{"line":304,"column":4},"end":{"line":304,"column":36}},"94":{"start":{"line":305,"column":4},"end":{"line":305,"column":51}},"95":{"start":{"line":306,"column":4},"end":{"line":306,"column":54}},"96":{"start":{"line":309,"column":19},"end":{"line":309,"column":39}},"97":{"start":{"line":316,"column":4},"end":{"line":319,"column":6}},"98":{"start":{"line":317,"column":8},"end":{"line":317,"column":40}},"99":{"start":{"line":318,"column":8},"end":{"line":318,"column":20}},"100":{"start":{"line":321,"column":4},"end":{"line":321,"column":27}}},"fnMap":{"0":{"name":"(anonymous_0)","decl":{"start":{"line":1,"column":1},"end":{"line":1,"column":2}},"loc":{"start":{"line":1,"column":26},"end":{"line":11,"column":1}},"line":1},"1":{"name":"(anonymous_1)","decl":{"start":{"line":3,"column":19},"end":{"line":3,"column":20}},"loc":{"start":{"line":3,"column":31},"end":{"line":5,"column":9}},"line":3},"2":{"name":"(anonymous_2)","decl":{"start":{"line":11,"column":8},"end":{"line":11,"column":9}},"loc":{"start":{"line":11,"column":24},"end":{"line":322,"column":1}},"line":11},"3":{"name":"leadingZeroes","decl":{"start":{"line":23,"column":13},"end":{"line":23,"column":26}},"loc":{"start":{"line":23,"column":42},"end":{"line":35,"column":5}},"line":23},"4":{"name":"(anonymous_4)","decl":{"start":{"line":39,"column":14},"end":{"line":39,"column":15}},"loc":{"start":{"line":39,"column":30},"end":{"line":41,"column":9}},"line":39},"5":{"name":"(anonymous_5)","decl":{"start":{"line":42,"column":12},"end":{"line":42,"column":13}},"loc":{"start":{"line":42,"column":28},"end":{"line":44,"column":9}},"line":42},"6":{"name":"(anonymous_6)","decl":{"start":{"line":45,"column":14},"end":{"line":45,"column":15}},"loc":{"start":{"line":45,"column":38},"end":{"line":47,"column":9}},"line":45},"7":{"name":"(anonymous_7)","decl":{"start":{"line":48,"column":13},"end":{"line":48,"column":14}},"loc":{"start":{"line":48,"column":37},"end":{"line":50,"column":9}},"line":48},"8":{"name":"(anonymous_8)","decl":{"start":{"line":51,"column":12},"end":{"line":51,"column":13}},"loc":{"start":{"line":51,"column":28},"end":{"line":53,"column":9}},"line":51},"9":{"name":"(anonymous_9)","decl":{"start":{"line":54,"column":11},"end":{"line":54,"column":12}},"loc":{"start":{"line":54,"column":27},"end":{"line":56,"column":9}},"line":54},"10":{"name":"(anonymous_10)","decl":{"start":{"line":57,"column":13},"end":{"line":57,"column":14}},"loc":{"start":{"line":57,"column":29},"end":{"line":59,"column":9}},"line":57},"11":{"name":"(anonymous_11)","decl":{"start":{"line":60,"column":12},"end":{"line":60,"column":13}},"loc":{"start":{"line":60,"column":28},"end":{"line":62,"column":9}},"line":60},"12":{"name":"(anonymous_12)","decl":{"start":{"line":63,"column":11},"end":{"line":63,"column":12}},"loc":{"start":{"line":63,"column":27},"end":{"line":65,"column":9}},"line":63},"13":{"name":"(anonymous_13)","decl":{"start":{"line":66,"column":12},"end":{"line":66,"column":13}},"loc":{"start":{"line":66,"column":28},"end":{"line":68,"column":9}},"line":66},"14":{"name":"(anonymous_14)","decl":{"start":{"line":69,"column":11},"end":{"line":69,"column":12}},"loc":{"start":{"line":69,"column":27},"end":{"line":71,"column":9}},"line":69},"15":{"name":"(anonymous_15)","decl":{"start":{"line":72,"column":12},"end":{"line":72,"column":13}},"loc":{"start":{"line":72,"column":28},"end":{"line":74,"column":9}},"line":72},"16":{"name":"(anonymous_16)","decl":{"start":{"line":75,"column":11},"end":{"line":75,"column":12}},"loc":{"start":{"line":75,"column":27},"end":{"line":77,"column":9}},"line":75},"17":{"name":"(anonymous_17)","decl":{"start":{"line":78,"column":12},"end":{"line":78,"column":13}},"loc":{"start":{"line":78,"column":28},"end":{"line":80,"column":9}},"line":78},"18":{"name":"(anonymous_18)","decl":{"start":{"line":81,"column":11},"end":{"line":81,"column":12}},"loc":{"start":{"line":81,"column":27},"end":{"line":83,"column":9}},"line":81},"19":{"name":"(anonymous_19)","decl":{"start":{"line":84,"column":12},"end":{"line":84,"column":13}},"loc":{"start":{"line":84,"column":28},"end":{"line":86,"column":9}},"line":84},"20":{"name":"(anonymous_20)","decl":{"start":{"line":87,"column":11},"end":{"line":87,"column":12}},"loc":{"start":{"line":87,"column":27},"end":{"line":89,"column":9}},"line":87},"21":{"name":"(anonymous_21)","decl":{"start":{"line":90,"column":12},"end":{"line":90,"column":13}},"loc":{"start":{"line":90,"column":28},"end":{"line":92,"column":9}},"line":90},"22":{"name":"(anonymous_22)","decl":{"start":{"line":93,"column":11},"end":{"line":93,"column":12}},"loc":{"start":{"line":93,"column":27},"end":{"line":95,"column":9}},"line":93},"23":{"name":"(anonymous_23)","decl":{"start":{"line":96,"column":12},"end":{"line":96,"column":13}},"loc":{"start":{"line":96,"column":28},"end":{"line":98,"column":9}},"line":96},"24":{"name":"(anonymous_24)","decl":{"start":{"line":99,"column":11},"end":{"line":99,"column":12}},"loc":{"start":{"line":99,"column":27},"end":{"line":101,"column":9}},"line":99},"25":{"name":"(anonymous_25)","decl":{"start":{"line":102,"column":11},"end":{"line":102,"column":12}},"loc":{"start":{"line":102,"column":27},"end":{"line":104,"column":9}},"line":102},"26":{"name":"(anonymous_26)","decl":{"start":{"line":105,"column":11},"end":{"line":105,"column":12}},"loc":{"start":{"line":105,"column":27},"end":{"line":107,"column":9}},"line":105},"27":{"name":"(anonymous_27)","decl":{"start":{"line":108,"column":12},"end":{"line":108,"column":13}},"loc":{"start":{"line":108,"column":47},"end":{"line":117,"column":9}},"line":108},"28":{"name":"(anonymous_28)","decl":{"start":{"line":118,"column":11},"end":{"line":118,"column":12}},"loc":{"start":{"line":118,"column":27},"end":{"line":120,"column":9}},"line":118},"29":{"name":"unitTestingTask","decl":{"start":{"line":169,"column":13},"end":{"line":169,"column":28}},"loc":{"start":{"line":169,"column":44},"end":{"line":188,"column":5}},"line":169},"30":{"name":"(anonymous_30)","decl":{"start":{"line":184,"column":42},"end":{"line":184,"column":43}},"loc":{"start":{"line":184,"column":59},"end":{"line":186,"column":13}},"line":184},"31":{"name":"(anonymous_31)","decl":{"start":{"line":205,"column":38},"end":{"line":205,"column":39}},"loc":{"start":{"line":205,"column":63},"end":{"line":227,"column":5}},"line":205},"32":{"name":"(anonymous_32)","decl":{"start":{"line":232,"column":16},"end":{"line":232,"column":17}},"loc":{"start":{"line":232,"column":32},"end":{"line":234,"column":9}},"line":232},"33":{"name":"(anonymous_33)","decl":{"start":{"line":236,"column":21},"end":{"line":236,"column":22}},"loc":{"start":{"line":236,"column":37},"end":{"line":238,"column":9}},"line":236},"34":{"name":"(anonymous_34)","decl":{"start":{"line":242,"column":19},"end":{"line":242,"column":20}},"loc":{"start":{"line":242,"column":45},"end":{"line":248,"column":9}},"line":242},"35":{"name":"(anonymous_35)","decl":{"start":{"line":256,"column":26},"end":{"line":256,"column":27}},"loc":{"start":{"line":256,"column":44},"end":{"line":261,"column":5}},"line":256},"36":{"name":"(anonymous_36)","decl":{"start":{"line":257,"column":15},"end":{"line":257,"column":16}},"loc":{"start":{"line":257,"column":31},"end":{"line":260,"column":9}},"line":257},"37":{"name":"(anonymous_37)","decl":{"start":{"line":288,"column":46},"end":{"line":288,"column":47}},"loc":{"start":{"line":288,"column":70},"end":{"line":291,"column":5}},"line":288},"38":{"name":"(anonymous_38)","decl":{"start":{"line":298,"column":33},"end":{"line":298,"column":34}},"loc":{"start":{"line":298,"column":45},"end":{"line":300,"column":5}},"line":298},"39":{"name":"(anonymous_39)","decl":{"start":{"line":316,"column":33},"end":{"line":316,"column":34}},"loc":{"start":{"line":316,"column":45},"end":{"line":319,"column":5}},"line":316}},"branchMap":{"0":{"loc":{"start":{"line":2,"column":4},"end":{"line":10,"column":5}},"type":"if","locations":[{"start":{"line":2,"column":4},"end":{"line":10,"column":5}},{"start":{"line":6,"column":11},"end":{"line":10,"column":5}}],"line":2},"1":{"loc":{"start":{"line":2,"column":8},"end":{"line":2,"column":50}},"type":"binary-expr","locations":[{"start":{"line":2,"column":8},"end":{"line":2,"column":36}},{"start":{"line":2,"column":40},"end":{"line":2,"column":50}}],"line":2},"2":{"loc":{"start":{"line":6,"column":11},"end":{"line":10,"column":5}},"type":"if","locations":[{"start":{"line":6,"column":11},"end":{"line":10,"column":5}},{"start":{"line":8,"column":11},"end":{"line":10,"column":5}}],"line":6},"3":{"loc":{"start":{"line":25,"column":23},"end":{"line":25,"column":58}},"type":"cond-expr","locations":[{"start":{"line":25,"column":48},"end":{"line":25,"column":54}},{"start":{"line":25,"column":57},"end":{"line":25,"column":58}}],"line":25},"4":{"loc":{"start":{"line":27,"column":8},"end":{"line":29,"column":9}},"type":"if","locations":[{"start":{"line":27,"column":8},"end":{"line":29,"column":9}},{"start":{},"end":{}}],"line":27},"5":{"loc":{"start":{"line":36,"column":23},"end":{"line":36,"column":70}},"type":"binary-expr","locations":[{"start":{"line":36,"column":23},"end":{"line":36,"column":52}},{"start":{"line":36,"column":56},"end":{"line":36,"column":70}}],"line":36},"6":{"loc":{"start":{"line":79,"column":33},"end":{"line":79,"column":59}},"type":"binary-expr","locations":[{"start":{"line":79,"column":33},"end":{"line":79,"column":53}},{"start":{"line":79,"column":57},"end":{"line":79,"column":59}}],"line":79},"7":{"loc":{"start":{"line":82,"column":19},"end":{"line":82,"column":45}},"type":"binary-expr","locations":[{"start":{"line":82,"column":19},"end":{"line":82,"column":39}},{"start":{"line":82,"column":43},"end":{"line":82,"column":45}}],"line":82},"8":{"loc":{"start":{"line":112,"column":23},"end":{"line":112,"column":41}},"type":"cond-expr","locations":[{"start":{"line":112,"column":32},"end":{"line":112,"column":35}},{"start":{"line":112,"column":38},"end":{"line":112,"column":41}}],"line":112},"9":{"loc":{"start":{"line":114,"column":24},"end":{"line":114,"column":39}},"type":"binary-expr","locations":[{"start":{"line":114,"column":24},"end":{"line":114,"column":33}},{"start":{"line":114,"column":37},"end":{"line":114,"column":39}}],"line":114},"10":{"loc":{"start":{"line":125,"column":8},"end":{"line":127,"column":9}},"type":"if","locations":[{"start":{"line":125,"column":8},"end":{"line":127,"column":9}},{"start":{},"end":{}}],"line":125},"11":{"loc":{"start":{"line":170,"column":8},"end":{"line":172,"column":9}},"type":"if","locations":[{"start":{"line":170,"column":8},"end":{"line":172,"column":9}},{"start":{},"end":{}}],"line":170},"12":{"loc":{"start":{"line":170,"column":12},"end":{"line":170,"column":49}},"type":"binary-expr","locations":[{"start":{"line":170,"column":12},"end":{"line":170,"column":19}},{"start":{"line":170,"column":23},"end":{"line":170,"column":49}}],"line":170},"13":{"loc":{"start":{"line":174,"column":8},"end":{"line":176,"column":9}},"type":"if","locations":[{"start":{"line":174,"column":8},"end":{"line":176,"column":9}},{"start":{},"end":{}}],"line":174},"14":{"loc":{"start":{"line":174,"column":12},"end":{"line":174,"column":113}},"type":"binary-expr","locations":[{"start":{"line":174,"column":12},"end":{"line":174,"column":30}},{"start":{"line":174,"column":34},"end":{"line":174,"column":57}},{"start":{"line":174,"column":61},"end":{"line":174,"column":85}},{"start":{"line":174,"column":89},"end":{"line":174,"column":113}}],"line":174},"15":{"loc":{"start":{"line":178,"column":17},"end":{"line":178,"column":109}},"type":"cond-expr","locations":[{"start":{"line":178,"column":52},"end":{"line":178,"column":96}},{"start":{"line":178,"column":99},"end":{"line":178,"column":109}}],"line":178},"16":{"loc":{"start":{"line":178,"column":18},"end":{"line":178,"column":48}},"type":"binary-expr","locations":[{"start":{"line":178,"column":18},"end":{"line":178,"column":40}},{"start":{"line":178,"column":44},"end":{"line":178,"column":48}}],"line":178},"17":{"loc":{"start":{"line":178,"column":52},"end":{"line":178,"column":96}},"type":"cond-expr","locations":[{"start":{"line":178,"column":75},"end":{"line":178,"column":79}},{"start":{"line":178,"column":82},"end":{"line":178,"column":96}}],"line":178},"18":{"loc":{"start":{"line":181,"column":8},"end":{"line":187,"column":9}},"type":"if","locations":[{"start":{"line":181,"column":8},"end":{"line":187,"column":9}},{"start":{"line":183,"column":15},"end":{"line":187,"column":9}}],"line":181},"19":{"loc":{"start":{"line":206,"column":8},"end":{"line":208,"column":9}},"type":"if","locations":[{"start":{"line":206,"column":8},"end":{"line":208,"column":9}},{"start":{},"end":{}}],"line":206},"20":{"loc":{"start":{"line":210,"column":8},"end":{"line":222,"column":9}},"type":"if","locations":[{"start":{"line":210,"column":8},"end":{"line":222,"column":9}},{"start":{},"end":{}}],"line":210},"21":{"loc":{"start":{"line":211,"column":12},"end":{"line":220,"column":13}},"type":"if","locations":[{"start":{"line":211,"column":12},"end":{"line":220,"column":13}},{"start":{"line":213,"column":19},"end":{"line":220,"column":13}}],"line":211},"22":{"loc":{"start":{"line":211,"column":16},"end":{"line":211,"column":61}},"type":"binary-expr","locations":[{"start":{"line":211,"column":16},"end":{"line":211,"column":31}},{"start":{"line":211,"column":35},"end":{"line":211,"column":61}}],"line":211},"23":{"loc":{"start":{"line":213,"column":19},"end":{"line":220,"column":13}},"type":"if","locations":[{"start":{"line":213,"column":19},"end":{"line":220,"column":13}},{"start":{},"end":{}}],"line":213},"24":{"loc":{"start":{"line":243,"column":12},"end":{"line":247,"column":13}},"type":"if","locations":[{"start":{"line":243,"column":12},"end":{"line":247,"column":13}},{"start":{"line":245,"column":19},"end":{"line":247,"column":13}}],"line":243},"25":{"loc":{"start":{"line":244,"column":23},"end":{"line":244,"column":44}},"type":"cond-expr","locations":[{"start":{"line":244,"column":33},"end":{"line":244,"column":37}},{"start":{"line":244,"column":40},"end":{"line":244,"column":44}}],"line":244},"26":{"loc":{"start":{"line":246,"column":23},"end":{"line":246,"column":44}},"type":"cond-expr","locations":[{"start":{"line":246,"column":33},"end":{"line":246,"column":37}},{"start":{"line":246,"column":40},"end":{"line":246,"column":44}}],"line":246},"27":{"loc":{"start":{"line":258,"column":20},"end":{"line":258,"column":81}},"type":"binary-expr","locations":[{"start":{"line":258,"column":20},"end":{"line":258,"column":50}},{"start":{"line":258,"column":54},"end":{"line":258,"column":71}},{"start":{"line":258,"column":75},"end":{"line":258,"column":81}}],"line":258}},"s":{"0":1,"1":1,"2":0,"3":0,"4":1,"5":1,"6":0,"7":22,"8":22,"9":22,"10":0,"11":22,"12":22,"13":1,"14":1,"15":5,"16":1,"17":1,"18":1,"19":3,"20":1,"21":1,"22":1,"23":1,"24":3,"25":1,"26":1,"27":1,"28":3,"29":1,"30":3,"31":1,"32":3,"33":1,"34":1,"35":1,"36":1,"37":1,"38":2,"39":2,"40":2,"41":2,"42":2,"43":2,"44":1,"45":1,"46":1,"47":25,"48":25,"49":1,"50":32,"51":1,"52":31,"53":1,"54":30,"55":30,"56":30,"57":0,"58":30,"59":39,"60":1,"61":1,"62":12,"63":11,"64":1,"65":0,"66":0,"67":0,"68":0,"69":0,"70":0,"71":0,"72":0,"73":1,"74":1,"75":1,"76":1,"77":1,"78":1,"79":2,"80":2,"81":0,"82":1,"83":4,"84":3,"85":3,"86":1,"87":1,"88":4,"89":4,"90":1,"91":1,"92":1,"93":1,"94":1,"95":1,"96":1,"97":1,"98":1,"99":1,"100":1},"f":{"0":1,"1":0,"2":1,"3":22,"4":5,"5":1,"6":1,"7":1,"8":3,"9":1,"10":1,"11":1,"12":1,"13":3,"14":1,"15":1,"16":1,"17":3,"18":1,"19":3,"20":1,"21":3,"22":1,"23":1,"24":1,"25":1,"26":1,"27":2,"28":1,"29":32,"30":39,"31":12,"32":1,"33":1,"34":2,"35":4,"36":3,"37":4,"38":1,"39":1},"b":{"0":[0,1],"1":[1,0],"2":[1,0],"3":[1,21],"4":[0,22],"5":[1,1],"6":[3,0],"7":[1,0],"8":[0,2],"9":[2,1],"10":[25,0],"11":[1,31],"12":[32,31],"13":[1,30],"14":[31,31,3,2],"15":[30,0],"16":[30,30],"17":[28,2],"18":[0,30],"19":[11,1],"20":[0,1],"21":[0,0],"22":[0,0],"23":[0,0],"24":[2,0],"25":[1,1],"26":[0,0],"27":[3,3,3]},"_coverageSchema":"1a1c01bbd47fc00a2c39e90264f33305004495a9","hash":"f26ad38df1e6d1118162652717901e7841529cf9"}
}
